Build started 11/7/2012 11:41:11 PM.
     1>Project "C:\Users\Developer\Documents\Visual Studio 2010\Projects\TextTransformer\TextTransformer\TextTransformer.vcxproj" on node 2 (build target(s)).
     1>InitializeBuildStatus:
         Creating "Debug\TextTransformer.unsuccessfulbuild" because "AlwaysCreate" was specified.
       ClCompile:
         C:\Program Files (x86)\Microsoft Visual Studio 10.0\VC\bin\CL.exe /c /ZI /nologo /W3 /WX- /Od /Oy- /D WIN32 /D _DEBUG /D _CONSOLE /D _UNICODE /D UNICODE /Gm /EHsc /RTC1 /MDd /GS /fp:precise /Zc:wchar_t /Zc:forScope /Fo"Debug\\" /Fd"Debug\vc100.pdb" /Gd /TP /analyze- /errorReport:prompt main.cpp
         main.cpp
     1>c:\users\developer\documents\visual studio 2010\projects\texttransformer\texttransformer\main.cpp(8): warning C4067: unexpected tokens following preprocessor directive - expected a newline
     1>c:\users\developer\documents\visual studio 2010\projects\texttransformer\texttransformer\main.cpp(13): warning C4930: 'std::fstream file(void)': prototyped function not called (was a variable definition intended?)
       ManifestResourceCompile:
         All outputs are up-to-date.
       Link:
         C:\Program Files (x86)\Microsoft Visual Studio 10.0\VC\bin\link.exe /ERRORREPORT:PROMPT /OUT:"C:\Users\Developer\Documents\Visual Studio 2010\Projects\TextTransformer\Debug\TextTransformer.exe" /INCREMENTAL /NOLOGO kernel32.lib user32.lib gdi32.lib winspool.lib comdlg32.lib advapi32.lib shell32.lib ole32.lib oleaut32.lib uuid.lib odbc32.lib odbccp32.lib /MANIFEST /ManifestFile:"Debug\TextTransformer.exe.intermediate.manifest" /MANIFESTUAC:"level='asInvoker' uiAccess='false'" /DEBUG /PDB:"C:\Users\Developer\Documents\Visual Studio 2010\Projects\TextTransformer\Debug\TextTransformer.pdb" /SUBSYSTEM:CONSOLE /TLBID:1 /DYNAMICBASE /NXCOMPAT /IMPLIB:"C:\Users\Developer\Documents\Visual Studio 2010\Projects\TextTransformer\Debug\TextTransformer.lib" /MACHINE:X86 Debug\TextTransformer.exe.embed.manifest.res
         Debug\main.obj
         Debug\TextTransform.obj
       Manifest:
         C:\Program Files (x86)\Microsoft SDKs\Windows\v7.0A\bin\mt.exe /nologo /verbose /out:"Debug\TextTransformer.exe.embed.manifest" /manifest Debug\TextTransformer.exe.intermediate.manifest
         All outputs are up-to-date.
       LinkEmbedManifest:
         All outputs are up-to-date.
         TextTransformer.vcxproj -> C:\Users\Developer\Documents\Visual Studio 2010\Projects\TextTransformer\Debug\TextTransformer.exe
       FinalizeBuildStatus:
         Deleting file "Debug\TextTransformer.unsuccessfulbuild".
         Touching "Debug\TextTransformer.lastbuildstate".
     1>Done Building Project "C:\Users\Developer\Documents\Visual Studio 2010\Projects\TextTransformer\TextTransformer\TextTransformer.vcxproj" (build target(s)).

Build succeeded.

Time Elapsed 00:00:02.40
